dogger
puppy
computer
desktop
mouse
hello
dogger
puppy
puppy
dogger
desktop
mouse
computer
dogger
puppy
computer
desktop
mouse
hello
kitty
stuff
words
Joker
PiZzA
buddy
Lazy
wonkey
monkey
puppy
dogger
computer
desktop
mouse
hello
words
kitty
stuff
Joker
PiZzA
buddy
dogger
puppy
dogger
puppy
desktop
puppy
dogger
dogger
puppy
computer
desktop
mouse
dogger
puppy
puppy
dogger
puppy
dogger
computer
dogger
puppy
computer
desktop
mouse
hello
puppy
dogger
computer
mouse
desktop
hello
dogger
dogger
dogger
dogger
dogger
dogger
dogger
puppy
computer
desktop
mouse
dogger
hello
kitty
Joker
stuff
words
PiZzA
Lazy
wonkey
buddy
monkey
dogger
dogger
puppy
dogger
dogger
dogger
puppy
computer
desktop
mouse
hello
kitty
