PID: 3991, Index: 3, String 2345678765432
PID: 3988, Index: 0, String dogger
PID: 3989, Index: 1, String racecar
PID: 3990, Index: 2, String puppy
PID: 3998, Index: 4, String computer
PID: 4004, Index: 5, String desktop
PID: 4008, Index: 6, String mouse
PID: 4012, Index: 7, String qwe1ewq
PID: 4015, Index: 8, String poppop
PID: 4018, Index: 9, String hello
PID: 4046, Index: 0, String dogger
PID: 4047, Index: 1, String racecar
PID: 4048, Index: 2, String puppy
PID: 4049, Index: 3, String 2345678765432
PID: 4068, Index: 1, String racecar
PID: 4069, Index: 2, String puppy
PID: 4070, Index: 3, String 2345678765432
PID: 4067, Index: 0, String dogger
PID: 4074, Index: 5, String desktop
PID: 4075, Index: 6, String mouse
PID: 4073, Index: 4, String computer
PID: 4411, Index: 0, String dogger
PID: 4412, Index: 1, String racecar
PID: 4413, Index: 2, String puppy
PID: 4414, Index: 3, String 2345678765432
PID: 4428, Index: 4, String computer
PID: 4432, Index: 5, String desktop
PID: 4433, Index: 6, String mouse
PID: 4434, Index: 7, String qwe1ewq
PID: 4441, Index: 8, String poppop
PID: 4447, Index: 9, String hello
PID: 4448, Index: 10, String kitty
PID: 4449, Index: 11, String stuff
PID: 4452, Index: 12, String words
PID: 4453, Index: 13, String Joker
PID: 4454, Index: 14, String PiZzA
PID: 4457, Index: 15, String buddy
PID: 4458, Index: 16, String KOTTOK
PID: 4459, Index: 17, String Lazy
PID: 4461, Index: 18, String wonkey
PID: 4462, Index: 19, String monkey
PID: 4532, Index: 2, String puppy
PID: 4533, Index: 3, String 2345678765432
PID: 4530, Index: 0, String dogger
PID: 4531, Index: 1, String racecar
PID: 4546, Index: 4, String computer
PID: 4547, Index: 5, String desktop
PID: 4548, Index: 6, String mouse
PID: 4554, Index: 7, String qwe1ewq
PID: 4555, Index: 8, String poppop
PID: 4556, Index: 9, String hello
PID: 4565, Index: 12, String words
PID: 4563, Index: 10, String kitty
PID: 4564, Index: 11, String stuff
PID: 4569, Index: 13, String Joker
PID: 4570, Index: 14, String PiZzA
PID: 4571, Index: 15, String buddy
PID: 4787, Index: 0, String dogger
PID: 4788, Index: 1, String racecar
PID: 4789, Index: 2, String puppy
PID: 4790, Index: 3, String 2345678765432
PID: 4803, Index: 0, String dogger
PID: 4804, Index: 1, String racecar
PID: 4805, Index: 2, String puppy
PID: 4806, Index: 3, String 2345678765432
PID: 4813, Index: 5, String desktop
PID: 4830, Index: 1, String racecar
PID: 4843, Index: 1, String racecar
PID: 4844, Index: 2, String puppy
PID: 4845, Index: 3, String 2345678765432
PID: 4842, Index: 0, String dogger
PID: 4856, Index: 0, String dogger
PID: 4857, Index: 1, String racecar
PID: 4858, Index: 2, String puppy
PID: 4859, Index: 3, String 2345678765432
PID: 4862, Index: 4, String computer
PID: 4863, Index: 5, String desktop
PID: 4864, Index: 6, String mouse
PID: 4926, Index: 3, String 2345678765432
PID: 4923, Index: 0, String dogger
PID: 4924, Index: 1, String racecar
PID: 4925, Index: 2, String puppy
PID: 4935, Index: 1, String racecar
PID: 9655, Index: 1, String racecar
PID: 9656, Index: 2, String puppy
PID: 9657, Index: 3, String 2345678765432
PID: 9654, Index: 0, String dogger
PID: 9915, Index: 2, String puppy
PID: 9916, Index: 3, String 2345678765432
PID: 9913, Index: 0, String dogger
PID: 9914, Index: 1, String racecar
PID: 9919, Index: 4, String computer
PID: 9975, Index: 1, String racecar
PID: 9997, Index: 0, String dogger
PID: 9998, Index: 1, String racecar
PID: 9999, Index: 2, String puppy
PID: 10000, Index: 3, String 2345678765432
PID: 10001, Index: 4, String computer
PID: 10002, Index: 5, String desktop
PID: 10003, Index: 6, String mouse
PID: 10004, Index: 7, String qwe1ewq
PID: 10005, Index: 8, String poppop
PID: 10006, Index: 9, String hello
PID: 10238, Index: 2, String puppy
PID: 10239, Index: 3, String 2345678765432
PID: 10236, Index: 0, String dogger
PID: 10237, Index: 1, String racecar
PID: 10242, Index: 4, String computer
PID: 10244, Index: 6, String mouse
PID: 10243, Index: 5, String desktop
PID: 10247, Index: 8, String poppop
PID: 10246, Index: 7, String qwe1ewq
PID: 10248, Index: 9, String hello
PID: 10279, Index: 0, String dogger
PID: 10290, Index: 0, String dogger
PID: 10340, Index: 0, String dogger
PID: 10414, Index: 0, String dogger
PID: 10416, Index: 1, String racecar
PID: 10661, Index: 0, String dogger
PID: 10662, Index: 1, String racecar
PID: 10673, Index: 0, String dogger
PID: 10688, Index: 0, String dogger
PID: 10740, Index: 2, String puppy
PID: 10741, Index: 3, String 2345678765432
PID: 10742, Index: 4, String computer
PID: 10749, Index: 5, String desktop
PID: 10751, Index: 6, String mouse
PID: 10738, Index: 0, String dogger
PID: 10739, Index: 1, String racecar
PID: 10756, Index: 7, String qwe1ewq
PID: 10757, Index: 8, String poppop
PID: 10758, Index: 9, String hello
PID: 10759, Index: 10, String kitty
PID: 10765, Index: 13, String Joker
PID: 10763, Index: 11, String stuff
PID: 10764, Index: 12, String words
PID: 10766, Index: 14, String PiZzA
PID: 10770, Index: 16, String KOTTOK
PID: 10771, Index: 17, String Lazy
PID: 10772, Index: 18, String wonkey
PID: 10769, Index: 15, String buddy
PID: 10777, Index: 19, String monkey
PID: 10820, Index: 0, String dogger
PID: 10842, Index: 1, String racecar
PID: 10841, Index: 0, String dogger
PID: 10849, Index: 2, String puppy
PID: 10852, Index: 3, String 2345678765432
PID: 10884, Index: 0, String dogger
PID: 11090, Index: 0, String dogger
PID: 11099, Index: 0, String dogger
PID: 11100, Index: 1, String racecar
PID: 11103, Index: 2, String puppy
PID: 11106, Index: 3, String 2345678765432
PID: 11108, Index: 4, String computer
PID: 11110, Index: 5, String desktop
PID: 11113, Index: 6, String mouse
PID: 11118, Index: 7, String qwe1ewq
PID: 11120, Index: 8, String poppop
PID: 11129, Index: 9, String hello
PID: 11131, Index: 10, String kitty
