2345678765432
racecar
qwe1ewq
poppop
racecar
2345678765432
racecar
2345678765432
racecar
2345678765432
qwe1ewq
poppop
KOTTOK
2345678765432
racecar
qwe1ewq
poppop
racecar
2345678765432
racecar
2345678765432
racecar
racecar
2345678765432
racecar
2345678765432
2345678765432
racecar
racecar
racecar
2345678765432
2345678765432
racecar
racecar
racecar
2345678765432
qwe1ewq
poppop
2345678765432
racecar
poppop
qwe1ewq
racecar
racecar
2345678765432
racecar
qwe1ewq
poppop
KOTTOK
racecar
2345678765432
racecar
2345678765432
qwe1ewq
poppop
